#
# There is insufficient memory for the Java Runtime Environment to continue.
# Native memory allocation (malloc) failed to allocate 700320 bytes for Chunk::new
# Possible reasons:
#   The system is out of physical RAM or swap space
#   The process is running with CompressedOops enabled, and the Java Heap may be blocking the growth of the native heap
# Possible solutions:
#   Reduce memory load on the system
#   Increase physical memory or swap space
#   Check if swap backing store is full
#   Decrease Java heap size (-Xmx/-Xms)
#   Decrease number of Java threads
#   Decrease Java thread stack sizes (-Xss)
#   Set larger code cache with -XX:ReservedCodeCacheSize=
#   JVM is running with Unscaled Compressed Oops mode in which the Java heap is
#     placed in the first 4GB address space. The Java Heap base address is the
#     maximum limit for the native heap growth. Please use -XX:HeapBaseMinAddress
#     to set the Java Heap base and to place the Java Heap above 4GB virtual address.
# This output file may be truncated or incomplete.
#
#  Out of Memory Error (arena.cpp:189), pid=19276, tid=10620
#
# JRE version: Java(TM) SE Runtime Environment (17.0.12+8) (build 17.0.12+8-LTS-286)
# Java VM: Java HotSpot(TM) 64-Bit Server VM (17.0.12+8-LTS-286, mixed mode, sharing, tiered, compressed oops, compressed class ptrs, g1 gc, windows-amd64)
# No core dump will be written. Minidumps are not enabled by default on client versions of Windows
#

---------------  S U M M A R Y ------------

Command Line: -Dmaven.home=EMBEDDED -Dclassworlds.conf=D:\Java By Kiran\Major Project\.metadata\.plugins\org.eclipse.m2e.launching\launches\m2conf16704760905747574777.tmp -Dmaven.multiModuleProjectDirectory=C:\Users\supri\Desktop\E Commerce Project\ApiGateway -Dm2e.build.project.data.socket.port=52753 -Dfile.encoding=UTF-8 -Dstdout.encoding=UTF-8 -Dstderr.encoding=UTF-8 -XX:+ShowCodeDetailsInExceptionMessages org.codehaus.plexus.classworlds.launcher.Launcher -B -Dstyle.color=always install

Host: Intel(R) Core(TM) i3-7020U CPU @ 2.30GHz, 4 cores, 3G,  Windows 10 , 64 bit Build 19041 (10.0.19041.6807)
Time: Sun Mar 22 14:51:50 2026 India Standard Time elapsed time: 14.518000 seconds (0d 0h 0m 14s)

---------------  T H R E A D  ---------------

Current thread (0x00000228c994b260):  JavaThread "C2 CompilerThread0" daemon [_thread_in_native, id=10620, stack(0x0000004f1e500000,0x0000004f1e600000)]


Current CompileTask:
C2:  14518 3234       4       org.apache.maven.model.Dependency::getManagementKey (94 bytes)

Stack: [0x0000004f1e500000,0x0000004f1e600000]
Native frames: (J=compiled Java code, j=interpreted, Vv=VM code, C=native code)
V  [jvm.dll+0x67a04a]
V  [jvm.dll+0x7da4ed]
V  [jvm.dll+0x7dbe33]
V  [jvm.dll+0x7dc4a3]
V  [jvm.dll+0x24508f]
V  [jvm.dll+0xab773]
V  [jvm.dll+0xabd3c]
V  [jvm.dll+0x361bee]
V  [jvm.dll+0x32c431]
V  [jvm.dll+0x32b8ca]
V  [jvm.dll+0x21683f]
V  [jvm.dll+0x215c6f]
V  [jvm.dll+0x1a2960]
V  [jvm.dll+0x22610b]
V  [jvm.dll+0x2242ab]
V  [jvm.dll+0x79075c]
V  [jvm.dll+0x78abea]
V  [jvm.dll+0x678f35]
C  [ucrtbase.dll+0x21bb2]
C  [KERNEL32.DLL+0x17374]
C  [ntdll.dll+0x4cc91]


---------------  P R O C E S S  ---------------

Threads class SMR info:
_java_thread_list=0x00000228eb6cadc0, length=12, elements={
0x00000228c9873ce0, 0x00000228c9933e10, 0x00000228c9934de0, 0x00000228c9944bd0,
0x00000228c99474b0, 0x00000228c9947d80, 0x00000228c994a660, 0x00000228c994b260,
0x00000228c994e970, 0x00000228e6abcf70, 0x00000228eb052e10, 0x00000228eb053730
}

Java Threads: ( => current thread )
  0x00000228c9873ce0 JavaThread "main" [_thread_in_native, id=16328, stack(0x0000004f1d800000,0x0000004f1d900000)]
  0x00000228c9933e10 JavaThread "Reference Handler" daemon [_thread_blocked, id=21392, stack(0x0000004f1df00000,0x0000004f1e000000)]
  0x00000228c9934de0 JavaThread "Finalizer" daemon [_thread_blocked, id=21224, stack(0x0000004f1e000000,0x0000004f1e100000)]
  0x00000228c9944bd0 JavaThread "Signal Dispatcher" daemon [_thread_blocked, id=14984, stack(0x0000004f1e100000,0x0000004f1e200000)]
  0x00000228c99474b0 JavaThread "Attach Listener" daemon [_thread_blocked, id=21100, stack(0x0000004f1e200000,0x0000004f1e300000)]
  0x00000228c9947d80 JavaThread "Service Thread" daemon [_thread_blocked, id=14680, stack(0x0000004f1e300000,0x0000004f1e400000)]
  0x00000228c994a660 JavaThread "Monitor Deflation Thread" daemon [_thread_blocked, id=17676, stack(0x0000004f1e400000,0x0000004f1e500000)]
=>0x00000228c994b260 JavaThread "C2 CompilerThread0" daemon [_thread_in_native, id=10620, stack(0x0000004f1e500000,0x0000004f1e600000)]
  0x00000228c994e970 JavaThread "C1 CompilerThread0" daemon [_thread_blocked, id=12460, stack(0x0000004f1e600000,0x0000004f1e700000)]
  0x00000228e6abcf70 JavaThread "Sweeper thread" daemon [_thread_blocked, id=7108, stack(0x0000004f1e700000,0x0000004f1e800000)]
  0x00000228eb052e10 JavaThread "Notification Thread" daemon [_thread_blocked, id=928, stack(0x0000004f1e800000,0x0000004f1e900000)]
  0x00000228eb053730 JavaThread "Common-Cleaner" daemon [_thread_blocked, id=4760, stack(0x0000004f1ea00000,0x0000004f1eb00000)]

Other Threads:
  0x00000228c992cb80 VMThread "VM Thread" [stack: 0x0000004f1de00000,0x0000004f1df00000] [id=14944]
  0x00000228eb0532f0 WatcherThread [stack: 0x0000004f1e900000,0x0000004f1ea00000] [id=12696]
  0x00000228c98b0a20 GCTaskThread "GC Thread#0" [stack: 0x0000004f1d900000,0x0000004f1da00000] [id=14244]
  0x00000228eb8b5c60 GCTaskThread "GC Thread#1" [stack: 0x0000004f1ec00000,0x0000004f1ed00000] [id=16576]
  0x00000228eb8b1000 GCTaskThread "GC Thread#2" [stack: 0x0000004f1ed00000,0x0000004f1ee00000] [id=22364]
  0x00000228eba2d860 GCTaskThread "GC Thread#3" [stack: 0x0000004f1ee00000,0x0000004f1ef00000] [id=808]
  0x00000228c98bb5a0 ConcurrentGCThread "G1 Main Marker" [stack: 0x0000004f1da00000,0x0000004f1db00000] [id=2176]
  0x00000228c98bbec0 ConcurrentGCThread "G1 Conc#0" [stack: 0x0000004f1db00000,0x0000004f1dc00000] [id=6460]
  0x00000228c9908bc0 ConcurrentGCThread "G1 Refine#0" [stack: 0x0000004f1dc00000,0x0000004f1dd00000] [id=16428]
  0x00000228eba3cae0 ConcurrentGCThread "G1 Refine#1" [stack: 0x0000004f1ef00000,0x0000004f1f000000] [id=16020]
  0x00000228c990a3b0 ConcurrentGCThread "G1 Service" [stack: 0x0000004f1dd00000,0x0000004f1de00000] [id=19756]

Threads with active compile tasks:
C2 CompilerThread0    14642 3234       4       org.apache.maven.model.Dependency::getManagementKey (94 bytes)

VM state: not at safepoint (normal execution)

VM Mutex/Monitor currently owned by a thread: None

Heap address: 0x00000000c1800000, size: 1000 MB, Compressed Oops mode: 32-bit

CDS archive(s) mapped at: [0x0000022880000000-0x0000022880bd0000-0x0000022880bd0000), size 12386304, SharedBaseAddress: 0x0000022880000000, ArchiveRelocationMode: 1.
Compressed class space mapped at: 0x0000022881000000-0x00000228c1000000, reserved size: 1073741824
Narrow klass base: 0x0000022880000000, Narrow klass shift: 0, Narrow klass range: 0x100000000

GC Precious Log:
 CPUs: 4 total, 4 available
 Memory: 3998M
 Large Page Support: Disabled
 NUMA Support: Disabled
 Compressed Oops: Enabled (32-bit)
 Heap Region Size: 1M
 Heap Min Capacity: 8M
 Heap Initial Capacity: 64M
 Heap Max Capacity: 1000M
 Pre-touch: Disabled
 Parallel Workers: 4
 Concurrent Workers: 1
 Concurrent Refinement Workers: 4
 Periodic GC: Disabled

Heap:
 garbage-first heap   total 65536K, used 19942K [0x00000000c1800000, 0x0000000100000000)
  region size 1024K, 17 young (17408K), 5 survivors (5120K)
 Metaspace       used 16906K, committed 17152K, reserved 1114112K
  class space    used 1984K, committed 2112K, reserved 1048576K

Heap Regions: E=young(eden), S=young(survivor), O=old, HS=humongous(starts), HC=humongous(continues), CS=collection set, F=free, OA=open archive, CA=closed archive, TAMS=top-at-mark-start (previous, next)
|   0|0x00000000c1800000, 0x00000000c1900000, 0x00000000c1900000|100%| O|  |TAMS 0x00000000c1800000, 0x00000000c1800000| Untracked 
|   1|0x00000000c1900000, 0x00000000c1a00000, 0x00000000c1a00000|100%| O|  |TAMS 0x00000000c1900000, 0x00000000c1900000| Untracked 
|   2|0x00000000c1a00000, 0x00000000c1b00000, 0x00000000c1b00000|100%| O|  |TAMS 0x00000000c1a00000, 0x00000000c1a00000| Untracked 
|   3|0x00000000c1b00000, 0x00000000c1bc9200, 0x00000000c1c00000| 78%| O|  |TAMS 0x00000000c1b00000, 0x00000000c1b00000| Untracked 
|   4|0x00000000c1c00000, 0x00000000c1c00000, 0x00000000c1d00000|  0%| F|  |TAMS 0x00000000c1c00000, 0x00000000c1c00000| Untracked 
|   5|0x00000000c1d00000, 0x00000000c1d00000, 0x00000000c1e00000|  0%| F|  |TAMS 0x00000000c1d00000, 0x00000000c1d00000| Untracked 
|   6|0x00000000c1e00000, 0x00000000c1e00000, 0x00000000c1f00000|  0%| F|  |TAMS 0x00000000c1e00000, 0x00000000c1e00000| Untracked 
|   7|0x00000000c1f00000, 0x00000000c1f00000, 0x00000000c2000000|  0%| F|  |TAMS 0x00000000c1f00000, 0x00000000c1f00000| Untracked 
|   8|0x00000000c2000000, 0x00000000c2000000, 0x00000000c2100000|  0%| F|  |TAMS 0x00000000c2000000, 0x00000000c2000000| Untracked 
|   9|0x00000000c2100000, 0x00000000c2100000, 0x00000000c2200000|  0%| F|  |TAMS 0x00000000c2100000, 0x00000000c2100000| Untracked 
|  10|0x00000000c2200000, 0x00000000c2200000, 0x00000000c2300000|  0%| F|  |TAMS 0x00000000c2200000, 0x00000000c2200000| Untracked 
|  11|0x00000000c2300000, 0x00000000c2300000, 0x00000000c2400000|  0%| F|  |TAMS 0x00000000c2300000, 0x00000000c2300000| Untracked 
|  12|0x00000000c2400000, 0x00000000c2400000, 0x00000000c2500000|  0%| F|  |TAMS 0x00000000c2400000, 0x00000000c2400000| Untracked 
|  13|0x00000000c2500000, 0x00000000c2500000, 0x00000000c2600000|  0%| F|  |TAMS 0x00000000c2500000, 0x00000000c2500000| Untracked 
|  14|0x00000000c2600000, 0x00000000c2600000, 0x00000000c2700000|  0%| F|  |TAMS 0x00000000c2600000, 0x00000000c2600000| Untracked 
|  15|0x00000000c2700000, 0x00000000c2700000, 0x00000000c2800000|  0%| F|  |TAMS 0x00000000c2700000, 0x00000000c2700000| Untracked 
|  16|0x00000000c2800000, 0x00000000c2800000, 0x00000000c2900000|  0%| F|  |TAMS 0x00000000c2800000, 0x00000000c2800000| Untracked 
|  17|0x00000000c2900000, 0x00000000c2900000, 0x00000000c2a00000|  0%| F|  |TAMS 0x00000000c2900000, 0x00000000c2900000| Untracked 
|  18|0x00000000c2a00000, 0x00000000c2a00000, 0x00000000c2b00000|  0%| F|  |TAMS 0x00000000c2a00000, 0x00000000c2a00000| Untracked 
|  19|0x00000000c2b00000, 0x00000000c2b00000, 0x00000000c2c00000|  0%| F|  |TAMS 0x00000000c2b00000, 0x00000000c2b00000| Untracked 
|  20|0x00000000c2c00000, 0x00000000c2c00000, 0x00000000c2d00000|  0%| F|  |TAMS 0x00000000c2c00000, 0x00000000c2c00000| Untracked 
|  21|0x00000000c2d00000, 0x00000000c2db08e0, 0x00000000c2e00000| 68%| S|CS|TAMS 0x00000000c2d00000, 0x00000000c2d00000| Complete 
|  22|0x00000000c2e00000, 0x00000000c2f00000, 0x00000000c2f00000|100%| S|CS|TAMS 0x00000000c2e00000, 0x00000000c2e00000| Complete 
|  23|0x00000000c2f00000, 0x00000000c3000000, 0x00000000c3000000|100%| S|CS|TAMS 0x00000000c2f00000, 0x00000000c2f00000| Complete 
|  24|0x00000000c3000000, 0x00000000c3100000, 0x00000000c3100000|100%| S|CS|TAMS 0x00000000c3000000, 0x00000000c3000000| Complete 
|  25|0x00000000c3100000, 0x00000000c3200000, 0x00000000c3200000|100%| S|CS|TAMS 0x00000000c3100000, 0x00000000c3100000| Complete 
|  26|0x00000000c3200000, 0x00000000c3200000, 0x00000000c3300000|  0%| F|  |TAMS 0x00000000c3200000, 0x00000000c3200000| Untracked 
|  27|0x00000000c3300000, 0x00000000c3300000, 0x00000000c3400000|  0%| F|  |TAMS 0x00000000c3300000, 0x00000000c3300000| Untracked 
|  28|0x00000000c3400000, 0x00000000c3400000, 0x00000000c3500000|  0%| F|  |TAMS 0x00000000c3400000, 0x00000000c3400000| Untracked 
|  29|0x00000000c3500000, 0x00000000c3500000, 0x00000000c3600000|  0%| F|  |TAMS 0x00000000c3500000, 0x00000000c3500000| Untracked 
|  30|0x00000000c3600000, 0x00000000c3600000, 0x00000000c3700000|  0%| F|  |TAMS 0x00000000c3600000, 0x00000000c3600000| Untracked 
|  31|0x00000000c3700000, 0x00000000c3700000, 0x00000000c3800000|  0%| F|  |TAMS 0x00000000c3700000, 0x00000000c3700000| Untracked 
|  32|0x00000000c3800000, 0x00000000c3800000, 0x00000000c3900000|  0%| F|  |TAMS 0x00000000c3800000, 0x00000000c3800000| Untracked 
|  33|0x00000000c3900000, 0x00000000c3900000, 0x00000000c3a00000|  0%| F|  |TAMS 0x00000000c3900000, 0x00000000c3900000| Untracked 
|  34|0x00000000c3a00000, 0x00000000c3a00000, 0x00000000c3b00000|  0%| F|  |TAMS 0x00000000c3a00000, 0x00000000c3a00000| Untracked 
|  35|0x00000000c3b00000, 0x00000000c3b00000, 0x00000000c3c00000|  0%| F|  |TAMS 0x00000000c3b00000, 0x00000000c3b00000| Untracked 
|  36|0x00000000c3c00000, 0x00000000c3c00000, 0x00000000c3d00000|  0%| F|  |TAMS 0x00000000c3c00000, 0x00000000c3c00000| Untracked 
|  37|0x00000000c3d00000, 0x00000000c3d00000, 0x00000000c3e00000|  0%| F|  |TAMS 0x00000000c3d00000, 0x00000000c3d00000| Untracked 
|  38|0x00000000c3e00000, 0x00000000c3e00000, 0x00000000c3f00000|  0%| F|  |TAMS 0x00000000c3e00000, 0x00000000c3e00000| Untracked 
|  39|0x00000000c3f00000, 0x00000000c3f00000, 0x00000000c4000000|  0%| F|  |TAMS 0x00000000c3f00000, 0x00000000c3f00000| Untracked 
|  40|0x00000000c4000000, 0x00000000c4000000, 0x00000000c4100000|  0%| F|  |TAMS 0x00000000c4000000, 0x00000000c4000000| Untracked 
|  41|0x00000000c4100000, 0x00000000c4100000, 0x00000000c4200000|  0%| F|  |TAMS 0x00000000c4100000, 0x00000000c4100000| Untracked 
|  42|0x00000000c4200000, 0x00000000c4200000, 0x00000000c4300000|  0%| F|  |TAMS 0x00000000c4200000, 0x00000000c4200000| Untracked 
|  43|0x00000000c4300000, 0x00000000c4300000, 0x00000000c4400000|  0%| F|  |TAMS 0x00000000c4300000, 0x00000000c4300000| Untracked 
|  44|0x00000000c4400000, 0x00000000c4400000, 0x00000000c4500000|  0%| F|  |TAMS 0x00000000c4400000, 0x00000000c4400000| Untracked 
|  45|0x00000000c4500000, 0x00000000c4500000, 0x00000000c4600000|  0%| F|  |TAMS 0x00000000c4500000, 0x00000000c4500000| Untracked 
|  46|0x00000000c4600000, 0x00000000c4600000, 0x00000000c4700000|  0%| F|  |TAMS 0x00000000c4600000, 0x00000000c4600000| Untracked 
|  47|0x00000000c4700000, 0x00000000c4700000, 0x00000000c4800000|  0%| F|  |TAMS 0x00000000c4700000, 0x00000000c4700000| Untracked 
|  48|0x00000000c4800000, 0x00000000c4800000, 0x00000000c4900000|  0%| F|  |TAMS 0x00000000c4800000, 0x00000000c4800000| Untracked 
|  49|0x00000000c4900000, 0x00000000c4900000, 0x00000000c4a00000|  0%| F|  |TAMS 0x00000000c4900000, 0x00000000c4900000| Untracked 
|  50|0x00000000c4a00000, 0x00000000c4a00000, 0x00000000c4b00000|  0%| F|  |TAMS 0x00000000c4a00000, 0x00000000c4a00000| Untracked 
|  51|0x00000000c4b00000, 0x00000000c4b84010, 0x00000000c4c00000| 51%| E|  |TAMS 0x00000000c4b00000, 0x00000000c4b00000| Complete 
|  52|0x00000000c4c00000, 0x00000000c4d00000, 0x00000000c4d00000|100%| E|CS|TAMS 0x00000000c4c00000, 0x00000000c4c00000| Complete 
|  53|0x00000000c4d00000, 0x00000000c4e00000, 0x00000000c4e00000|100%| E|CS|TAMS 0x00000000c4d00000, 0x00000000c4d00000| Complete 
|  54|0x00000000c4e00000, 0x00000000c4f00000, 0x00000000c4f00000|100%| E|CS|TAMS 0x00000000c4e00000, 0x00000000c4e00000| Complete 
|  55|0x00000000c4f00000, 0x00000000c5000000, 0x00000000c5000000|100%| E|CS|TAMS 0x00000000c4f00000, 0x00000000c4f00000| Complete 
|  56|0x00000000c5000000, 0x00000000c5100000, 0x00000000c5100000|100%| E|CS|TAMS 0x00000000c5000000, 0x00000000c5000000| Complete 
|  57|0x00000000c5100000, 0x00000000c5200000, 0x00000000c5200000|100%| E|CS|TAMS 0x00000000c5100000, 0x00000000c5100000| Complete 
|  58|0x00000000c5200000, 0x00000000c5300000, 0x00000000c5300000|100%| E|CS|TAMS 0x00000000c5200000, 0x00000000c5200000| Complete 
|  59|0x00000000c5300000, 0x00000000c5400000, 0x00000000c5400000|100%| E|CS|TAMS 0x00000000c5300000, 0x00000000c5300000| Complete 
|  60|0x00000000c5400000, 0x00000000c5500000, 0x00000000c5500000|100%| E|CS|TAMS 0x00000000c5400000, 0x00000000c5400000| Complete 
|  61|0x00000000c5500000, 0x00000000c5600000, 0x00000000c5600000|100%| E|CS|TAMS 0x00000000c5500000, 0x00000000c5500000| Complete 
|  62|0x00000000c5600000, 0x00000000c5700000, 0x00000000c5700000|100%| E|CS|TAMS 0x00000000c5600000, 0x00000000c5600000| Complete 
|  63|0x00000000c5700000, 0x00000000c5800000, 0x00000000c5800000|100%| E|CS|TAMS 0x00000000c5700000, 0x00000000c5700000| Complete 

Card table byte_map: [0x00000228e2150000,0x00000228e2350000] _byte_map_base: 0x00000228e1b44000

Marking Bits (Prev, Next): (CMBitMap*) 0x00000228c98b2f70, (CMBitMap*) 0x00000228c98b2fb0
 Prev Bits: [0x00000228e2550000, 0x00000228e34f0000)
 Next Bits: [0x00000228e34f0000, 0x00000228e4490000)

Polling page: 0x00000228c9670000

Metaspace:

Usage:
  Non-class:     14.57 MB used.
      Class:      1.94 MB used.
       Both:     16.51 MB used.

Virtual space:
  Non-class space:       64.00 MB reserved,      14.69 MB ( 23%) committed,  1 nodes.
      Class space:        1.00 GB reserved,       2.06 MB ( <1%) committed,  1 nodes.
             Both:        1.06 GB reserved,      16.75 MB (  2%) committed. 

Chunk freelists:
   Non-Class:  1.17 MB
       Class:  13.93 MB
        Both:  15.11 MB

MaxMetaspaceSize: unlimited
CompressedClassSpaceSize: 1.00 GB
Initial GC threshold: 21.00 MB
Current GC threshold: 21.00 MB
CDS: on
MetaspaceReclaimPolicy: balanced
 - commit_granule_bytes: 65536.
 - commit_granule_words: 8192.
 - virtual_space_node_default_size: 8388608.
 - enlarge_chunks_in_place: 1.
 - new_chunks_are_fully_committed: 0.
 - uncommit_free_chunks: 1.
 - use_allocation_guard: 0.
 - handle_deallocations: 1.


Internal statistics:

num_allocs_failed_limit: 0.
num_arena_births: 90.
num_arena_deaths: 0.
num_vsnodes_births: 2.
num_vsnodes_deaths: 0.
num_space_committed: 268.
num_space_uncommitted: 0.
num_chunks_returned_to_freelist: 0.
num_chunks_taken_from_freelist: 620.
num_chunk_merges: 0.
num_chunk_splits: 422.
num_chunks_enlarged: 341.
num_inconsistent_stats: 0.

CodeHeap 'non-profiled nmethods': size=120000Kb used=1267Kb max_used=1267Kb free=118732Kb
 bounds [0x00000228da400000, 0x00000228da670000, 0x00000228e1930000]
CodeHeap 'profiled nmethods': size=120000Kb used=6853Kb max_used=6853Kb free=113147Kb
 bounds [0x00000228d2930000, 0x00000228d2ff0000, 0x00000228d9e60000]
CodeHeap 'non-nmethods': size=5760Kb used=1188Kb max_used=1235Kb free=4571Kb
 bounds [0x00000228d9e60000, 0x00000228da0d0000, 0x00000228da400000]
 total_blobs=3798 nmethods=3313 adapters=397
 compilation: enabled
              stopped_count=0, restarted_count=0
 full_count=0

Compilation events (20 events):
Event: 14.376 Thread 0x00000228c994e970 3236       3       java.util.concurrent.ConcurrentHashMap::<init> (9 bytes)
Event: 14.377 Thread 0x00000228c994e970 nmethod 3236 0x00000228d2fc3110 code [0x00000228d2fc32e0, 0x00000228d2fc3428]
Event: 14.377 Thread 0x00000228c994e970 3237       1       org.apache.maven.model.profile.DefaultProfileActivationContext::getSystemProperties (5 bytes)
Event: 14.377 Thread 0x00000228c994e970 nmethod 3237 0x00000228da533c10 code [0x00000228da533da0, 0x00000228da533e78]
Event: 14.390 Thread 0x00000228c994e970 3239       1       org.apache.maven.model.building.DefaultModelProblemCollector::setRootModel (6 bytes)
Event: 14.390 Thread 0x00000228c994e970 nmethod 3239 0x00000228da533f10 code [0x00000228da5340a0, 0x00000228da5341b8]
Event: 14.391 Thread 0x00000228c994e970 3240       3       org.apache.maven.model.ModelBase::getModules (23 bytes)
Event: 14.391 Thread 0x00000228c994e970 nmethod 3240 0x00000228d2fc3510 code [0x00000228d2fc36e0, 0x00000228d2fc3ad8]
Event: 14.392 Thread 0x00000228c994e970 3241       1       org.apache.maven.model.building.DefaultModelBuildingResult::getProblems (5 bytes)
Event: 14.392 Thread 0x00000228c994e970 nmethod 3241 0x00000228da534210 code [0x00000228da5343a0, 0x00000228da534478]
Event: 14.403 Thread 0x00000228c994e970 3242       3       org.codehaus.plexus.util.xml.pull.MXParser::nextImpl (1203 bytes)
Event: 14.410 Thread 0x00000228c994e970 nmethod 3242 0x00000228d2fc3c10 code [0x00000228d2fc4280, 0x00000228d2fc7428]
Event: 14.410 Thread 0x00000228c994e970 3243       3       java.util.Properties::<init> (32 bytes)
Event: 14.411 Thread 0x00000228c994e970 nmethod 3243 0x00000228d2fc8210 code [0x00000228d2fc8400, 0x00000228d2fc8848]
Event: 14.411 Thread 0x00000228c994e970 3244       3       java.util.regex.Pattern$BmpCharProperty::<init> (6 bytes)
Event: 14.411 Thread 0x00000228c994e970 nmethod 3244 0x00000228d2fc8a10 code [0x00000228d2fc8bc0, 0x00000228d2fc8eb8]
Event: 14.411 Thread 0x00000228c994e970 3245       1       org.apache.maven.repository.internal.DefaultModelCache$Key::hashCode (5 bytes)
Event: 14.411 Thread 0x00000228c994e970 nmethod 3245 0x00000228da534510 code [0x00000228da5346a0, 0x00000228da534778]
Event: 14.412 Thread 0x00000228c994e970 3247       1       org.eclipse.sisu.wire.EntryMapAdapter::entrySet (5 bytes)
Event: 14.412 Thread 0x00000228c994e970 nmethod 3247 0x00000228da534810 code [0x00000228da5349a0, 0x00000228da534a78]

GC Heap History (8 events):
Event: 5.347 GC heap before
{Heap before GC invocations=0 (full 0):
 garbage-first heap   total 65536K, used 13312K [0x00000000c1800000, 0x0000000100000000)
  region size 1024K, 13 young (13312K), 0 survivors (0K)
 Metaspace       used 5019K, committed 5184K, reserved 1114112K
  class space    used 521K, committed 640K, reserved 1048576K
}
Event: 5.379 GC heap after
{Heap after GC invocations=1 (full 0):
 garbage-first heap   total 65536K, used 3736K [0x00000000c1800000, 0x0000000100000000)
  region size 1024K, 2 young (2048K), 2 survivors (2048K)
 Metaspace       used 5019K, committed 5184K, reserved 1114112K
  class space    used 521K, committed 640K, reserved 1048576K
}
Event: 6.382 GC heap before
{Heap before GC invocations=1 (full 0):
 garbage-first heap   total 65536K, used 12952K [0x00000000c1800000, 0x0000000100000000)
  region size 1024K, 11 young (11264K), 2 survivors (2048K)
 Metaspace       used 7408K, committed 7616K, reserved 1114112K
  class space    used 852K, committed 960K, reserved 1048576K
}
Event: 6.391 GC heap after
{Heap after GC invocations=2 (full 0):
 garbage-first heap   total 65536K, used 4583K [0x00000000c1800000, 0x0000000100000000)
  region size 1024K, 1 young (1024K), 1 survivors (1024K)
 Metaspace       used 7408K, committed 7616K, reserved 1114112K
  class space    used 852K, committed 960K, reserved 1048576K
}
Event: 8.030 GC heap before
{Heap before GC invocations=2 (full 0):
 garbage-first heap   total 65536K, used 29159K [0x00000000c1800000, 0x0000000100000000)
  region size 1024K, 26 young (26624K), 1 survivors (1024K)
 Metaspace       used 10156K, committed 10368K, reserved 1114112K
  class space    used 1195K, committed 1280K, reserved 1048576K
}
Event: 8.037 GC heap after
{Heap after GC invocations=3 (full 0):
 garbage-first heap   total 65536K, used 5287K [0x00000000c1800000, 0x0000000100000000)
  region size 1024K, 2 young (2048K), 2 survivors (2048K)
 Metaspace       used 10156K, committed 10368K, reserved 1114112K
  class space    used 1195K, committed 1280K, reserved 1048576K
}
Event: 12.460 GC heap before
{Heap before GC invocations=3 (full 0):
 garbage-first heap   total 65536K, used 42151K [0x00000000c1800000, 0x0000000100000000)
  region size 1024K, 38 young (38912K), 2 survivors (2048K)
 Metaspace       used 16661K, committed 16896K, reserved 1114112K
  class space    used 1979K, committed 2112K, reserved 1048576K
}
Event: 12.480 GC heap after
{Heap after GC invocations=4 (full 0):
 garbage-first heap   total 65536K, used 8678K [0x00000000c1800000, 0x0000000100000000)
  region size 1024K, 5 young (5120K), 5 survivors (5120K)
 Metaspace       used 16661K, committed 16896K, reserved 1114112K
  class space    used 1979K, committed 2112K, reserved 1048576K
}

Deoptimization events (20 events):
Event: 13.336 Thread 0x00000228c9873ce0 Uncommon trap: trap_request=0xffffff45 fr.pc=0x00000228da513fa8 relative=0x00000000000004e8
Event: 13.336 Thread 0x00000228c9873ce0 Uncommon trap: reason=unstable_if action=reinterpret pc=0x00000228da513fa8 method=java.lang.StringLatin1.trim([B)Ljava/lang/String; @ 60 c2
Event: 13.336 Thread 0x00000228c9873ce0 DEOPT PACKING pc=0x00000228da513fa8 sp=0x0000004f1d8fd4e0
Event: 13.336 Thread 0x00000228c9873ce0 DEOPT UNPACKING pc=0x00000228d9eb23a3 sp=0x0000004f1d8fd450 mode 2
Event: 13.337 Thread 0x00000228c9873ce0 Uncommon trap: trap_request=0xffffff45 fr.pc=0x00000228da514990 relative=0x0000000000000470
Event: 13.337 Thread 0x00000228c9873ce0 Uncommon trap: reason=unstable_if action=reinterpret pc=0x00000228da514990 method=java.lang.StringLatin1.trim([B)Ljava/lang/String; @ 60 c2
Event: 13.337 Thread 0x00000228c9873ce0 DEOPT PACKING pc=0x00000228da514990 sp=0x0000004f1d8fd480
Event: 13.337 Thread 0x00000228c9873ce0 DEOPT UNPACKING pc=0x00000228d9eb23a3 sp=0x0000004f1d8fd448 mode 2
Event: 14.116 Thread 0x00000228c9873ce0 Uncommon trap: trap_request=0xffffff45 fr.pc=0x00000228da4058f0 relative=0x0000000000000170
Event: 14.116 Thread 0x00000228c9873ce0 Uncommon trap: reason=unstable_if action=reinterpret pc=0x00000228da4058f0 method=java.lang.String.isLatin1()Z @ 10 c2
Event: 14.116 Thread 0x00000228c9873ce0 DEOPT PACKING pc=0x00000228da4058f0 sp=0x0000004f1d8fd7f0
Event: 14.116 Thread 0x00000228c9873ce0 DEOPT UNPACKING pc=0x00000228d9eb23a3 sp=0x0000004f1d8fd6c0 mode 2
Event: 14.116 Thread 0x00000228c9873ce0 Uncommon trap: trap_request=0xffffff45 fr.pc=0x00000228da432ef8 relative=0x00000000000004d8
Event: 14.116 Thread 0x00000228c9873ce0 Uncommon trap: reason=unstable_if action=reinterpret pc=0x00000228da432ef8 method=java.lang.String.isLatin1()Z @ 10 c2
Event: 14.116 Thread 0x00000228c9873ce0 DEOPT PACKING pc=0x00000228da432ef8 sp=0x0000004f1d8fd780
Event: 14.116 Thread 0x00000228c9873ce0 DEOPT UNPACKING pc=0x00000228d9eb23a3 sp=0x0000004f1d8fd6f0 mode 2
Event: 14.402 Thread 0x00000228c9873ce0 Uncommon trap: trap_request=0xffffff45 fr.pc=0x00000228da521d50 relative=0x0000000000000b90
Event: 14.402 Thread 0x00000228c9873ce0 Uncommon trap: reason=unstable_if action=reinterpret pc=0x00000228da521d50 method=org.codehaus.plexus.util.xml.pull.MXParser.nextImpl()I @ 973 c2
Event: 14.402 Thread 0x00000228c9873ce0 DEOPT PACKING pc=0x00000228da521d50 sp=0x0000004f1d8fd970
Event: 14.402 Thread 0x00000228c9873ce0 DEOPT UNPACKING pc=0x00000228d9eb23a3 sp=0x0000004f1d8fd8e8 mode 2

Classes unloaded (0 events):
No events

Classes redefined (0 events):
No events

Internal exceptions (20 events):
Event: 5.547 Thread 0x00000228c9873ce0 Exception <a 'java/lang/NoSuchMethodError'{0x00000000c5519970}: 'void java.lang.invoke.DirectMethodHandle$Holder.invokeSpecial(java.lang.Object, java.lang.Object, java.lang.Object)'> (0x00000000c5519970) 
thrown [s\open\src\hotspot\share\interpreter\linkResolver.cpp, line 759]
Event: 5.731 Thread 0x00000228c9873ce0 Exception <a 'java/lang/NoSuchMethodError'{0x00000000c547bb68}: 'java.lang.Object java.lang.invoke.DirectMethodHandle$Holder.invokeInterface(java.lang.Object, java.lang.Object)'> (0x00000000c547bb68) 
thrown [s\open\src\hotspot\share\interpreter\linkResolver.cpp, line 759]
Event: 5.820 Thread 0x00000228c9873ce0 Exception <a 'java/lang/NoSuchMethodError'{0x00000000c532a408}: 'java.lang.Object java.lang.invoke.Invokers$Holder.invokeExact_MT(java.lang.Object, java.lang.Object, java.lang.Object, java.lang.Object, java.lang.Object, java.lang.Object)'> (0x00000000c532a408) 
thrown [s\open\src\hotspot\share\interpreter\linkResolver.cpp, line 759]
Event: 5.826 Thread 0x00000228c9873ce0 Exception <a 'java/lang/NoSuchMethodError'{0x00000000c533f3b8}: 'int java.lang.invoke.DirectMethodHandle$Holder.invokeSpecialIFC(java.lang.Object, java.lang.Object, java.lang.Object, java.lang.Object, java.lang.Object)'> (0x00000000c533f3b8) 
thrown [s\open\src\hotspot\share\interpreter\linkResolver.cpp, line 759]
Event: 6.117 Thread 0x00000228c9873ce0 Exception <a 'java/lang/NoSuchMethodError'{0x00000000c52eaf58}: 'java.lang.Object java.lang.invoke.DirectMethodHandle$Holder.newInvokeSpecial(java.lang.Object, java.lang.Object, java.lang.Object, java.lang.Object, java.lang.Object)'> (0x00000000c52eaf58) 
thrown [s\open\src\hotspot\share\interpreter\linkResolver.cpp, line 759]
Event: 6.253 Thread 0x00000228c9873ce0 Exception <a 'java/lang/NoSuchMethodError'{0x00000000c500ce08}: 'int java.lang.invoke.DirectMethodHandle$Holder.invokeStaticInit(java.lang.Object, java.lang.Object)'> (0x00000000c500ce08) 
thrown [s\open\src\hotspot\share\interpreter\linkResolver.cpp, line 759]
Event: 6.295 Thread 0x00000228c9873ce0 Exception <a 'java/lang/NoClassDefFoundError'{0x00000000c5046148}: javax/enterprise/inject/Typed> (0x00000000c5046148) 
thrown [s\open\src\hotspot\share\classfile\systemDictionary.cpp, line 245]
Event: 8.995 Thread 0x00000228c9873ce0 Exception <a 'java/lang/NoSuchMethodError'{0x00000000c4c7a608}: 'void java.lang.invoke.DirectMethodHandle$Holder.invokeStaticInit(java.lang.Object, java.lang.Object, java.lang.Object)'> (0x00000000c4c7a608) 
thrown [s\open\src\hotspot\share\interpreter\linkResolver.cpp, line 759]
Event: 9.013 Thread 0x00000228c9873ce0 Exception <a 'java/lang/ExceptionInInitializerError'{0x00000000c4ca7920}> (0x00000000c4ca7920) 
thrown [s\open\src\hotspot\share\oops\instanceKlass.cpp, line 1216]
Event: 9.093 Thread 0x00000228c9873ce0 Implicit null exception at 0x00000228da4a632f to 0x00000228da4a648c
Event: 9.098 Thread 0x00000228c9873ce0 Exception <a 'java/lang/NoSuchMethodError'{0x00000000c4bba0f8}: 'java.lang.Object java.lang.invoke.Invokers$Holder.invokeExact_MT(java.lang.Object, int, java.lang.Object)'> (0x00000000c4bba0f8) 
thrown [s\open\src\hotspot\share\interpreter\linkResolver.cpp, line 759]
Event: 9.143 Thread 0x00000228c9873ce0 Exception <a 'java/lang/NoSuchMethodError'{0x00000000c4a33ea0}: 'int java.lang.invoke.DirectMethodHandle$Holder.invokeSpecial(java.lang.Object, java.lang.Object, java.lang.Object, java.lang.Object)'> (0x00000000c4a33ea0) 
thrown [s\open\src\hotspot\share\interpreter\linkResolver.cpp, line 759]
Event: 10.288 Thread 0x00000228c9873ce0 Exception <a 'java/lang/NoClassDefFoundError'{0x00000000c4259cf8}: com/google/inject/servlet/ServletModuleTargetVisitor> (0x00000000c4259cf8) 
thrown [s\open\src\hotspot\share\classfile\systemDictionary.cpp, line 245]
Event: 10.731 Thread 0x00000228c9873ce0 Exception <a 'java/lang/NoSuchMethodError'{0x00000000c41f86f8}: 'void java.lang.invoke.DirectMethodHandle$Holder.invokeVirtual(java.lang.Object, java.lang.Object)'> (0x00000000c41f86f8) 
thrown [s\open\src\hotspot\share\interpreter\linkResolver.cpp, line 759]
Event: 10.769 Thread 0x00000228c9873ce0 Exception <a 'java/lang/NoSuchMethodError'{0x00000000c4035380}: 'java.lang.Object java.lang.invoke.DirectMethodHandle$Holder.invokeStaticInit(java.lang.Object, int, int, int, int)'> (0x00000000c4035380) 
thrown [s\open\src\hotspot\share\interpreter\linkResolver.cpp, line 759]
Event: 11.294 Thread 0x00000228c9873ce0 Implicit null exception at 0x00000228da43c1f2 to 0x00000228da43c80c
Event: 11.295 Thread 0x00000228c9873ce0 Implicit null exception at 0x00000228da425d72 to 0x00000228da4263ac
Event: 11.511 Thread 0x00000228c9873ce0 Exception <a 'java/lang/NoSuchMethodError'{0x00000000c380f4c0}: 'void java.lang.invoke.DirectMethodHandle$Holder.invokeSpecial(java.lang.Object, java.lang.Object, java.lang.Object, java.lang.Object, java.lang.Object)'> (0x00000000c380f4c0) 
thrown [s\open\src\hotspot\share\interpreter\linkResolver.cpp, line 759]
Event: 11.521 Thread 0x00000228c9873ce0 Exception <a 'java/lang/NoSuchMethodError'{0x00000000c382cad0}: 'java.lang.Object java.lang.invoke.DirectMethodHandle$Holder.invokeVirtual(java.lang.Object, java.lang.Object, java.lang.Object)'> (0x00000000c382cad0) 
thrown [s\open\src\hotspot\share\interpreter\linkResolver.cpp, line 759]
Event: 11.528 Thread 0x00000228c9873ce0 Exception <a 'java/lang/NoSuchMethodError'{0x00000000c383bd48}: 'void java.lang.invoke.DirectMethodHandle$Holder.invokeSpecial(java.lang.Object, java.lang.Object, java.lang.Object, java.lang.Object, java.lang.Object, java.lang.Object)'> (0x00000000c383bd48) 
thrown [s\open\src\hotspot\share\interpreter\linkResolver.cpp, line 759]

VM Operations (20 events):
Event: 9.244 Executing VM operation: Cleanup
Event: 9.244 Executing VM operation: Cleanup done
Event: 9.249 Executing VM operation: HandshakeAllThreads
Event: 9.249 Executing VM operation: HandshakeAllThreads done
Event: 9.467 Executing VM operation: HandshakeAllThreads
Event: 9.467 Executing VM operation: HandshakeAllThreads done
Event: 10.168 Executing VM operation: HandshakeAllThreads
Event: 10.168 Executing VM operation: HandshakeAllThreads done
Event: 10.307 Executing VM operation: HandshakeAllThreads
Event: 10.307 Executing VM operation: HandshakeAllThreads done
Event: 10.307 Executing VM operation: Cleanup
Event: 10.307 Executing VM operation: Cleanup done
Event: 10.801 Executing VM operation: HandshakeAllThreads
Event: 10.801 Executing VM operation: HandshakeAllThreads done
Event: 11.807 Executing VM operation: Cleanup
Event: 11.823 Executing VM operation: Cleanup done
Event: 12.460 Executing VM operation: G1CollectForAllocation
Event: 12.480 Executing VM operation: G1CollectForAllocation done
Event: 13.485 Executing VM operation: Cleanup
Event: 13.485 Executing VM operation: Cleanup done

Events (20 events):
Event: 11.410 loading class sun/nio/ch/FileLockTable
Event: 11.411 loading class sun/nio/ch/FileLockTable done
Event: 11.411 loading class sun/nio/ch/FileKey
Event: 11.411 loading class sun/nio/ch/FileKey done
Event: 11.412 loading class sun/nio/ch/FileLockTable$FileLockReference
Event: 11.412 loading class sun/nio/ch/FileLockTable$FileLockReference done
Event: 11.414 loading class java/util/AbstractMap$2
Event: 11.415 loading class java/util/AbstractMap$2 done
Event: 11.415 loading class java/util/AbstractMap$2$1
Event: 11.415 loading class java/util/AbstractMap$2$1 done
Event: 11.571 loading class sun/util/resources/LocaleData$CommonResourceBundleProvider
Event: 11.572 loading class sun/util/resources/LocaleData$LocaleDataResourceBundleProvider
Event: 11.572 loading class java/util/spi/ResourceBundleProvider
Event: 11.572 loading class java/util/spi/ResourceBundleProvider done
Event: 11.572 loading class sun/util/resources/LocaleData$LocaleDataResourceBundleProvider done
Event: 11.573 loading class sun/util/resources/LocaleData$CommonResourceBundleProvider done
Event: 11.573 loading class sun/util/resources/Bundles$2
Event: 11.574 loading class sun/util/resources/Bundles$2 done
Event: 11.670 loading class java/lang/Short$ShortCache
Event: 11.670 loading class java/lang/Short$ShortCache done


Dynamic libraries:
0x00007ff7487a0000 - 0x00007ff7487b0000 	C:\Program Files\Java\jdk-17\bin\javaw.exe
0x00007ffef1d10000 - 0x00007ffef1f08000 	C:\WINDOWS\SYSTEM32\ntdll.dll
0x00007ffeefec0000 - 0x00007ffeeff82000 	C:\WINDOWS\System32\KERNEL32.DLL
0x00007ffeef7f0000 - 0x00007ffeefae7000 	C:\WINDOWS\System32\KERNELBASE.dll
0x00007ffeef6f0000 - 0x00007ffeef7f0000 	C:\WINDOWS\System32\ucrtbase.dll
0x00007ffee8ba0000 - 0x00007ffee8bb9000 	C:\Program Files\Java\jdk-17\bin\jli.dll
0x00007ffef0a30000 - 0x00007ffef0ae1000 	C:\WINDOWS\System32\ADVAPI32.dll
0x00007ffef1b40000 - 0x00007ffef1bde000 	C:\WINDOWS\System32\msvcrt.dll
0x00007ffef02c0000 - 0x00007ffef035f000 	C:\WINDOWS\System32\sechost.dll
0x00007ffef0390000 - 0x00007ffef04b6000 	C:\WINDOWS\System32\RPCRT4.dll
0x00007ffeef640000 - 0x00007ffeef667000 	C:\WINDOWS\System32\bcrypt.dll
0x00007ffeefd20000 - 0x00007ffeefebd000 	C:\WINDOWS\System32\USER32.dll
0x00007ffeefc50000 - 0x00007ffeefc72000 	C:\WINDOWS\System32\win32u.dll
0x00007ffef04c0000 - 0x00007ffef04eb000 	C:\WINDOWS\System32\GDI32.dll
0x00007ffeef520000 - 0x00007ffeef639000 	C:\WINDOWS\System32\gdi32full.dll
0x00007ffeefc80000 - 0x00007ffeefd1d000 	C:\WINDOWS\System32\msvcp_win.dll
0x00007ffee83e0000 - 0x00007ffee83fb000 	C:\Program Files\Java\jdk-17\bin\VCRUNTIME140.dll
0x00007ffed32f0000 - 0x00007ffed358b000 	C:\WINDOWS\WinSxS\amd64_microsoft.windows.common-controls_6595b64144ccf1df_6.0.19041.6926_none_60b5a53971f8f7e6\COMCTL32.dll
0x00007ffee6ac0000 - 0x00007ffee6aca000 	C:\WINDOWS\SYSTEM32\VERSION.dll
0x00007ffef0360000 - 0x00007ffef038f000 	C:\WINDOWS\System32\IMM32.DLL
0x00007ffee99c0000 - 0x00007ffee99cc000 	C:\Program Files\Java\jdk-17\bin\vcruntime140_1.dll
0x00007ffecde00000 - 0x00007ffecde8e000 	C:\Program Files\Java\jdk-17\bin\msvcp140.dll
0x00007ffea6340000 - 0x00007ffea6f20000 	C:\Program Files\Java\jdk-17\bin\server\jvm.dll
0x00007ffef1be0000 - 0x00007ffef1be8000 	C:\WINDOWS\System32\PSAPI.DLL
0x00007ffed0530000 - 0x00007ffed0539000 	C:\WINDOWS\SYSTEM32\WSOCK32.dll
0x00007ffef09c0000 - 0x00007ffef0a2b000 	C:\WINDOWS\System32\WS2_32.dll
0x00007ffed3640000 - 0x00007ffed3667000 	C:\WINDOWS\SYSTEM32\WINMM.dll
0x00007ffeedbb0000 - 0x00007ffeedbc2000 	C:\WINDOWS\SYSTEM32\kernel.appcore.dll
0x00007ffee9940000 - 0x00007ffee994a000 	C:\Program Files\Java\jdk-17\bin\jimage.dll
0x00007ffeed8b0000 - 0x00007ffeedab1000 	C:\WINDOWS\SYSTEM32\DBGHELP.DLL
0x00007ffed1320000 - 0x00007ffed1354000 	C:\WINDOWS\SYSTEM32\dbgcore.DLL
0x00007ffeef3e0000 - 0x00007ffeef462000 	C:\WINDOWS\System32\bcryptPrimitives.dll
0x00007ffed1220000 - 0x00007ffed1245000 	C:\Program Files\Java\jdk-17\bin\java.dll
0x00007ffecdaa0000 - 0x00007ffecdb77000 	C:\Program Files\Java\jdk-17\bin\jsvml.dll
0x00007ffef13c0000 - 0x00007ffef1b32000 	C:\WINDOWS\System32\SHELL32.dll
0x00007ffeed030000 - 0x00007ffeed7d6000 	C:\WINDOWS\SYSTEM32\windows.storage.dll
0x00007ffef0b90000 - 0x00007ffef0ee3000 	C:\WINDOWS\System32\combase.dll
0x00007ffeeecf0000 - 0x00007ffeeed1b000 	C:\WINDOWS\SYSTEM32\Wldp.dll
0x00007ffef1000000 - 0x00007ffef10cd000 	C:\WINDOWS\System32\OLEAUT32.dll
0x00007ffef0210000 - 0x00007ffef02bd000 	C:\WINDOWS\System32\SHCORE.dll
0x00007ffef0ef0000 - 0x00007ffef0f4b000 	C:\WINDOWS\System32\shlwapi.dll
0x00007ffeef2c0000 - 0x00007ffeef2e4000 	C:\WINDOWS\SYSTEM32\profapi.dll
0x00007ffee8370000 - 0x00007ffee8389000 	C:\Program Files\Java\jdk-17\bin\net.dll
0x00007ffedf330000 - 0x00007ffedf43a000 	C:\WINDOWS\SYSTEM32\WINHTTP.dll
0x00007ffeeea50000 - 0x00007ffeeeaba000 	C:\WINDOWS\system32\mswsock.dll
0x00007ffee7640000 - 0x00007ffee7656000 	C:\Program Files\Java\jdk-17\bin\nio.dll
0x00007ffecdf00000 - 0x00007ffecdf18000 	C:\Program Files\Java\jdk-17\bin\zip.dll
0x00007ffecba80000 - 0x00007ffecbaa4000 	C:\Users\supri\AppData\Local\Temp\jansi-2.4.1-7be4db6833227972-jansi.dll
0x00007ffee91a0000 - 0x00007ffee91b0000 	C:\Program Files\Java\jdk-17\bin\verify.dll
0x00007ffeee730000 - 0x00007ffeee76b000 	C:\WINDOWS\SYSTEM32\IPHLPAPI.DLL
0x00007ffeefff0000 - 0x00007ffeefff8000 	C:\WINDOWS\System32\NSI.dll
0x00007ffedf5c0000 - 0x00007ffedf5d7000 	C:\WINDOWS\SYSTEM32\dhcpcsvc6.DLL
0x00007ffedf6b0000 - 0x00007ffedf6cd000 	C:\WINDOWS\SYSTEM32\dhcpcsvc.DLL
0x00007ffeee770000 - 0x00007ffeee83a000 	C:\WINDOWS\SYSTEM32\DNSAPI.dll

dbghelp: loaded successfully - version: 4.0.5 - missing functions: none
symbol engine: initialized successfully - sym options: 0x614 - pdb path: .;C:\Program Files\Java\jdk-17\bin;C:\WINDOWS\SYSTEM32;C:\WINDOWS\WinSxS\amd64_microsoft.windows.common-controls_6595b64144ccf1df_6.0.19041.6926_none_60b5a53971f8f7e6;C:\Program Files\Java\jdk-17\bin\server;C:\Users\supri\AppData\Local\Temp

VM Arguments:
jvm_args: -Dmaven.home=EMBEDDED -Dclassworlds.conf=D:\Java By Kiran\Major Project\.metadata\.plugins\org.eclipse.m2e.launching\launches\m2conf16704760905747574777.tmp -Dmaven.multiModuleProjectDirectory=C:\Users\supri\Desktop\E Commerce Project\ApiGateway -Dm2e.build.project.data.socket.port=52753 -Dfile.encoding=UTF-8 -Dstdout.encoding=UTF-8 -Dstderr.encoding=UTF-8 -XX:+ShowCodeDetailsInExceptionMessages 
java_command: org.codehaus.plexus.classworlds.launcher.Launcher -B -Dstyle.color=always install
java_class_path (initial): C:\Users\supri\.p2\pool\plugins\org.eclipse.m2e.maven.runtime_3.9.700.20240602-2313\jars\plexus-classworlds-2.8.0.jar
Launcher Type: SUN_STANDARD

[Global flags]
     intx CICompilerCount                          = 3                                         {product} {ergonomic}
     uint ConcGCThreads                            = 1                                         {product} {ergonomic}
     uint G1ConcRefinementThreads                  = 4                                         {product} {ergonomic}
   size_t G1HeapRegionSize                         = 1048576                                   {product} {ergonomic}
    uintx GCDrainStackTargetSize                   = 64                                        {product} {ergonomic}
   size_t InitialHeapSize                          = 67108864                                  {product} {ergonomic}
   size_t MarkStackSize                            = 4194304                                   {product} {ergonomic}
   size_t MaxHeapSize                              = 1048576000                                {product} {ergonomic}
   size_t MaxNewSize                               = 629145600                                 {product} {ergonomic}
   size_t MinHeapDeltaBytes                        = 1048576                                   {product} {ergonomic}
   size_t MinHeapSize                              = 8388608                                   {product} {ergonomic}
    uintx NonNMethodCodeHeapSize                   = 5832780                                {pd product} {ergonomic}
    uintx NonProfiledCodeHeapSize                  = 122912730                              {pd product} {ergonomic}
    uintx ProfiledCodeHeapSize                     = 122912730                              {pd product} {ergonomic}
    uintx ReservedCodeCacheSize                    = 251658240                              {pd product} {ergonomic}
     bool SegmentedCodeCache                       = true                                      {product} {ergonomic}
     bool ShowCodeDetailsInExceptionMessages       = true                                   {manageable} {command line}
   size_t SoftMaxHeapSize                          = 1048576000                             {manageable} {ergonomic}
     bool UseCompressedClassPointers               = true                           {product lp64_product} {ergonomic}
     bool UseCompressedOops                        = true                           {product lp64_product} {ergonomic}
     bool UseG1GC                                  = true                                      {product} {ergonomic}
     bool UseLargePagesIndividualAllocation        = false                                  {pd product} {ergonomic}

Logging:
Log output configuration:
 #0: stdout all=warning uptime,level,tags
 #1: stderr all=off uptime,level,tags

Environment Variables:
PATH=C:/Users/supri/.p2/pool/plugins/org.eclipse.justj.openjdk.hotspot.jre.full.win32.x86_64_22.0.2.v20240802-1626/jre/bin/server;C:/Users/supri/.p2/pool/plugins/org.eclipse.justj.openjdk.hotspot.jre.full.win32.x86_64_22.0.2.v20240802-1626/jre/bin;C:\Program Files\Common Files\Oracle\Java\javapath;C:\Program Files (x86)\Common Files\Oracle\Java\java8path;C:\Program Files (x86)\Common Files\Oracle\Java\javapath;C:\WINDOWS\system32;C:\WINDOWS;C:\WINDOWS\System32\Wbem;C:\WINDOWS\System32\WindowsPowerShell\v1.0\;C:\WINDOWS\System32\OpenSSH\;C:\Program Files\nodejs;C:\Program Files\Git\cmd;C:\Program Files\nodejs\;C:\Program Files\MySQL\MySQL Server 8.0\bin;;C:\Program Files\HP\HP One Agent;C:\Users\supri\AppData\Local\Microsoft\WindowsApps;C:\Users\supri\AppData\Local\Microsoft\WinGet\Packages\Schniz.fnm_Microsoft.Winget.Source_8wekyb3d8bbwe;C:\Program Files\nodejs;C:\Users\supri\AppData\Roaming\npm;C:\Users\supri\AppData\Local\Programs\Microsoft VS Code\bin;C:\WINDOWS\system32;
USERNAME=supri
OS=Windows_NT
PROCESSOR_IDENTIFIER=Intel64 Family 6 Model 142 Stepping 9, GenuineIntel



---------------  S Y S T E M  ---------------

OS:
 Windows 10 , 64 bit Build 19041 (10.0.19041.6807)
OS uptime: 17 days 1:52 hours

CPU: total 4 (initial active 4) (2 cores per cpu, 2 threads per core) family 6 model 142 stepping 9 microcode 0xf4, cx8, cmov, fxsr, ht, mmx, 3dnowpref, sse, sse2, sse3, ssse3, sse4.1, sse4.2, popcnt, lzcnt, tsc, tscinvbit, avx, avx2, aes, erms, clmul, bmi1, bmi2, adx, fma, vzeroupper, clflush, clflushopt

Memory: 4k page, system-wide physical 3998M (62M free)
TotalPageFile size 16286M (AvailPageFile size 14M)
current process WorkingSet (physical memory assigned to process): 116M, peak: 116M
current process commit charge ("private bytes"): 169M, peak: 174M

vm_info: Java HotSpot(TM) 64-Bit Server VM (17.0.12+8-LTS-286) for windows-amd64 JRE (17.0.12+8-LTS-286), built on Jun  5 2024 06:46:59 by "mach5one" with MS VC++ 17.6 (VS2022)

END.
